============================= test session starts ==============================
platform linux -- Python 3.14.7, pytest-9.1.1, pluggy-1.6.0 -- /home/pruthvi/projects/face/TrackMyClass/venv/bin/python3
cachedir: .pytest_cache
rootdir: /home/pruthvi/projects/face/TrackMyClass
plugins: anyio-4.14.2, locust-2.46.3
collecting ... collected 16 items

backend/tests/test_frame_queue.py::TestFrameQueueBasic::test_put_and_get PASSED [  6%]
backend/tests/test_frame_queue.py::TestFrameQueueBasic::test_get_returns_none_on_timeout PASSED [ 12%]
backend/tests/test_frame_queue.py::TestFrameQueueBasic::test_queue_is_empty_after_get PASSED [ 18%]
backend/tests/test_frame_queue.py::TestLatestFrameWins::test_stale_frame_evicted PASSED [ 25%]
backend/tests/test_frame_queue.py::TestLatestFrameWins::test_multiple_overwrites_stats PASSED [ 31%]
backend/tests/test_frame_queue.py::TestBackpressure::test_bounded_memory_under_load PASSED [ 37%]
backend/tests/test_frame_queue.py::TestBackpressure::test_producer_consumer_concurrency PASSED [ 43%]
backend/tests/test_ws_auth.py::TestWSAuthentication::test_no_token_closes_with_error PASSED [ 50%]
backend/tests/test_ws_auth.py::TestWSAuthentication::test_invalid_token_closes_with_error PASSED [ 56%]
backend/tests/test_ws_auth.py::TestWSAuthentication::test_expired_token_closes_with_error PASSED [ 62%]
backend/tests/test_ws_auth.py::TestWSAuthorization::test_no_active_session_closes_with_4004 PASSED [ 68%]
backend/tests/test_ws_auth.py::TestWSAuthorization::test_forged_session_id_rejected PASSED [ 75%]
backend/tests/test_session_isolation.py::TestSessionIsolation::test_get_active_session_is_institution_scoped PASSED [ 81%]
backend/tests/test_session_isolation.py::TestSessionIsolation::test_institution_a_attendance_increment_does_not_affect_b PASSED [ 87%]
backend/tests/test_session_isolation.py::TestSessionIsolation::test_ending_a_session_does_not_affect_b PASSED [ 93%]
backend/tests/test_session_isolation.py::TestSessionIsolation::test_forged_session_id_lookup_returns_none PASSED [100%]

=============================== warnings summary ===============================
venv/lib64/python3.14/site-packages/fastapi/testclient.py:1
  /home/pruthvi/projects/face/TrackMyClass/venv/lib64/python3.14/site-packages/fastapi/testclient.py:1: StarletteDeprecationWarning: Using `httpx` with `starlette.testclient` is deprecated; install `httpx2` instead.
    from starlette.testclient import TestClient as TestClient  # noqa

backend/api/schemas/registration.py:10
  /home/pruthvi/projects/face/TrackMyClass/backend/api/schemas/registration.py:10: PydanticDeprecatedSince20: `min_items` is deprecated and will be removed, use `min_length` instead. Deprecated in Pydantic V2.0 to be removed in V3.0. See Pydantic V2 Migration Guide at https://errors.pydantic.dev/2.13/migration/
    frames: List[str] = Field(..., min_items=1, max_items=35)

backend/api/schemas/registration.py:10
  /home/pruthvi/projects/face/TrackMyClass/backend/api/schemas/registration.py:10: PydanticDeprecatedSince20: `max_items` is deprecated and will be removed, use `max_length` instead. Deprecated in Pydantic V2.0 to be removed in V3.0. See Pydantic V2 Migration Guide at https://errors.pydantic.dev/2.13/migration/
    frames: List[str] = Field(..., min_items=1, max_items=35)

backend/tests/test_ws_auth.py::TestWSAuthorization::test_no_active_session_closes_with_4004
backend/tests/test_ws_auth.py::TestWSAuthorization::test_forged_session_id_rejected
  /home/pruthvi/projects/face/TrackMyClass/backend/core/security.py:27: DeprecationWarning: datetime.datetime.utcnow() is deprecated and scheduled for removal in a future version. Use timezone-aware objects to represent datetimes in UTC: datetime.datetime.now(datetime.UTC).
    expire = datetime.utcnow() + timedelta(minutes=ACCESS_TOKEN_EXPIRE_MINUTES)

-- Docs: https://docs.pytest.org/en/stable/how-to/capture-warnings.html
======================= 16 passed, 5 warnings in 15.36s ========================
